********************************************************************************
product = WebSphere Application Server 8.5.5.4 (wlp-1.0.7.cl50420141211-1039)
wlp.install.dir = C:/Program Files/IBM/SDP/configuration/org.eclipse.osgi/456/0/.cp/resources/server_runtime/
server.config.dir = C:/Preeti/caf/.metadata/.plugins/com.ibm.etools.wdt.server.core/tmp0/usr/servers/defaultServer0/
java.home = C:\Program Files (x86)\IBM\WebSphere\AppServer\java_1.8_64\jre
java.version = 1.8.0
java.runtime = Java(TM) SE Runtime Environment (pwa6480sr2fp10ifx-20160223_01 (SR2 FP10+IV81318+IV81645+IV81741+IV81716))
os = Windows 7 (6.1; amd64) (en_US)
process = 12132@CBLPC0CJ4PU
********************************************************************************
[2/22/18 19:46:33:459 EST] 00000001 com.ibm.ws.kernel.launch.internal.FrameworkManager           A CWWKE0001I: The server defaultServer0 has been launched.
[2/22/18 19:46:34:977 EST] 00000001 com.ibm.ws.kernel.launch.internal.FrameworkManager           I CWWKE0002I: The kernel started after 2.057 seconds
[2/22/18 19:46:35:026 EST] 00000025 com.ibm.ws.kernel.feature.internal.FeatureManager            I CWWKF0007I: Feature update started.
[2/22/18 19:46:36:901 EST] 0000001d com.ibm.ws.app.manager.internal.monitor.DropinMonitor        A CWWKZ0058I: Monitoring dropins for applications. 
[2/22/18 19:46:36:934 EST] 00000027 com.ibm.ws.tcpchannel.internal.TCPChannel                    I CWWKO0219I: TCP Channel defaultHttpEndpoint has been started and is now listening for requests on host *  (IPv6) port 14442.
[2/22/18 19:46:37:345 EST] 00000030 com.ibm.ws.app.manager.AppMessageHelper                      I CWWKZ0018I: Starting application proxy.
[2/22/18 19:46:37:729 EST] 00000030 com.ibm.ws.webcontainer.osgi.webapp.WebGroup                 I SRVE0169I: Loading Web Module: Ajax Proxy for IBM WebSphere.
[2/22/18 19:46:37:732 EST] 00000030 com.ibm.ws.webcontainer                                      I SRVE0250I: Web Module Ajax Proxy for IBM WebSphere has been bound to default_host.
[2/22/18 19:46:37:733 EST] 00000030 com.ibm.ws.http.internal.VirtualHostImpl                     A CWWKT0016I: Web application available (default_host): http://cblpc0cj4pu.cb.tcgic.com:14442/proxy/
[2/22/18 19:46:37:736 EST] 00000030 com.ibm.ws.app.manager.AppMessageHelper                      A CWWKZ0001I: Application proxy started in 0.392 seconds.
[2/22/18 19:46:37:761 EST] 00000025 com.ibm.ws.kernel.feature.internal.FeatureManager            A CWWKF0012I: The server installed the following features: [servlet-3.0, jsp-2.2, json-1.0, localConnector-1.0, jaxrs-1.1].
[2/22/18 19:46:37:761 EST] 00000025 com.ibm.ws.kernel.feature.internal.FeatureManager            I CWWKF0008I: Feature update completed in 2.785 seconds.
[2/22/18 19:46:37:761 EST] 00000025 com.ibm.ws.kernel.feature.internal.FeatureManager            A CWWKF0011I: The server defaultServer0 is ready to run a smarter planet.
