
INFO     Validating project: GetAccessUserProfile
INFO       Running validator: Legacy Workspace Detector (id= LegacyWorkspaceDetector)
INFO       Finished running validator: Legacy Workspace Detector (id= LegacyWorkspaceDetector)
INFO       Running validator: EJB Mapping Validator (id= EjbMappingValidator)
INFO         The project has no EJB model associated with it.  EJB mapping backend validation will not be performed.
INFO       Finished running validator: EJB Mapping Validator (id= EjbMappingValidator)
INFO       Running validator: WebSphere Facet Validator (id= WebSphereFacetValidator)
OK           The WebSphere facet "WebSphere Web (Extended) 7.0" is compatible with the WebSphere runtime "WebSphere Application Server v8.5".
OK           The WebSphere facet "WebSphere Web (Co-existence) 7.0" is compatible with the WebSphere runtime "WebSphere Application Server v8.5".
OK           The WebSphere Co-Existence facet pre-requisite exists for the WebSphere Extended facet.
INFO       Finished running validator: WebSphere Facet Validator (id= WebSphereFacetValidator)
INFO       Running validator: WebSphere Runtime Validator (id= WebSphereRuntimeValidator)
OK           The WebSphere runtime is valid at the configured path:  C:/Program Files (x86)/IBM/WebSphere/AppServer
OK           The WebSphere runtime is at a supported level:  8.5
INFO       Finished running validator: WebSphere Runtime Validator (id= WebSphereRuntimeValidator)
INFO     Finished validating project: GetAccessUserProfile

INFO     Validating project: GetAccessUserProfileApp
INFO       Running validator: Legacy Workspace Detector (id= LegacyWorkspaceDetector)
INFO       Finished running validator: Legacy Workspace Detector (id= LegacyWorkspaceDetector)
INFO       Running validator: EJB Mapping Validator (id= EjbMappingValidator)
INFO         The project has no EJB model associated with it.  EJB mapping backend validation will not be performed.
INFO       Finished running validator: EJB Mapping Validator (id= EjbMappingValidator)
INFO       Running validator: WebSphere Facet Validator (id= WebSphereFacetValidator)
OK           The WebSphere facet "WebSphere Application (Co-existence) 7.0" is compatible with the WebSphere runtime "WebSphere Application Server v8.5".
OK           The WebSphere facet "WebSphere Application (Extended) 7.0" is compatible with the WebSphere runtime "WebSphere Application Server v8.5".
OK           The WebSphere Co-Existence facet pre-requisite exists for the WebSphere Extended facet.
INFO       Finished running validator: WebSphere Facet Validator (id= WebSphereFacetValidator)
INFO       Running validator: WebSphere Runtime Validator (id= WebSphereRuntimeValidator)
OK           The WebSphere runtime is valid at the configured path:  C:/Program Files (x86)/IBM/WebSphere/AppServer
OK           The WebSphere runtime is at a supported level:  8.5
INFO       Finished running validator: WebSphere Runtime Validator (id= WebSphereRuntimeValidator)
INFO     Finished validating project: GetAccessUserProfileApp

INFO     Validating project: GetAccessUserProfileDomain
INFO       Running validator: Legacy Workspace Detector (id= LegacyWorkspaceDetector)
INFO       Finished running validator: Legacy Workspace Detector (id= LegacyWorkspaceDetector)
INFO       Running validator: EJB Mapping Validator (id= EjbMappingValidator)
INFO         The project has no EJB model associated with it.  EJB mapping backend validation will not be performed.
INFO       Finished running validator: EJB Mapping Validator (id= EjbMappingValidator)
INFO       Running validator: WebSphere Facet Validator (id= WebSphereFacetValidator)
INFO       Finished running validator: WebSphere Facet Validator (id= WebSphereFacetValidator)
INFO       Running validator: WebSphere Runtime Validator (id= WebSphereRuntimeValidator)
OK           The WebSphere runtime is valid at the configured path:  C:/Program Files (x86)/IBM/WebSphere/AppServer
OK           The WebSphere runtime is at a supported level:  8.5
INFO       Finished running validator: WebSphere Runtime Validator (id= WebSphereRuntimeValidator)
INFO     Finished validating project: GetAccessUserProfileDomain

INFO     Validating project: GetAccessUserProfileModel
INFO       Running validator: Legacy Workspace Detector (id= LegacyWorkspaceDetector)
INFO       Finished running validator: Legacy Workspace Detector (id= LegacyWorkspaceDetector)
INFO       Running validator: EJB Mapping Validator (id= EjbMappingValidator)
INFO         The project has no EJB model associated with it.  EJB mapping backend validation will not be performed.
INFO       Finished running validator: EJB Mapping Validator (id= EjbMappingValidator)
INFO       Running validator: WebSphere Facet Validator (id= WebSphereFacetValidator)
INFO       Finished running validator: WebSphere Facet Validator (id= WebSphereFacetValidator)
INFO       Running validator: WebSphere Runtime Validator (id= WebSphereRuntimeValidator)
OK           The WebSphere runtime is valid at the configured path:  C:/Program Files (x86)/IBM/WebSphere/AppServer
OK           The WebSphere runtime is at a supported level:  8.5
INFO       Finished running validator: WebSphere Runtime Validator (id= WebSphereRuntimeValidator)
INFO     Finished validating project: GetAccessUserProfileModel

INFO     Validating project: GetAccessUserProfilePersistence
INFO       Running validator: Legacy Workspace Detector (id= LegacyWorkspaceDetector)
INFO       Finished running validator: Legacy Workspace Detector (id= LegacyWorkspaceDetector)
INFO       Running validator: EJB Mapping Validator (id= EjbMappingValidator)
INFO         The project has no EJB model associated with it.  EJB mapping backend validation will not be performed.
INFO       Finished running validator: EJB Mapping Validator (id= EjbMappingValidator)
INFO       Running validator: WebSphere Facet Validator (id= WebSphereFacetValidator)
INFO       Finished running validator: WebSphere Facet Validator (id= WebSphereFacetValidator)
INFO       Running validator: WebSphere Runtime Validator (id= WebSphereRuntimeValidator)
OK           The WebSphere runtime is valid at the configured path:  C:/Program Files (x86)/IBM/WebSphere/AppServer
OK           The WebSphere runtime is at a supported level:  8.5
INFO       Finished running validator: WebSphere Runtime Validator (id= WebSphereRuntimeValidator)
INFO     Finished validating project: GetAccessUserProfilePersistence

INFO     Validating project: GetAccessUserProfileUtil
INFO       Running validator: Legacy Workspace Detector (id= LegacyWorkspaceDetector)
INFO       Finished running validator: Legacy Workspace Detector (id= LegacyWorkspaceDetector)
INFO       Running validator: EJB Mapping Validator (id= EjbMappingValidator)
INFO         The project has no EJB model associated with it.  EJB mapping backend validation will not be performed.
INFO       Finished running validator: EJB Mapping Validator (id= EjbMappingValidator)
INFO       Running validator: WebSphere Facet Validator (id= WebSphereFacetValidator)
INFO       Finished running validator: WebSphere Facet Validator (id= WebSphereFacetValidator)
INFO       Running validator: WebSphere Runtime Validator (id= WebSphereRuntimeValidator)
OK           The WebSphere runtime is valid at the configured path:  C:/Program Files (x86)/IBM/WebSphere/AppServer
OK           The WebSphere runtime is at a supported level:  8.5
INFO       Finished running validator: WebSphere Runtime Validator (id= WebSphereRuntimeValidator)
INFO     Finished validating project: GetAccessUserProfileUtil

INFO     Validating project: GetAccessUserProfileWsClient
INFO       Running validator: Legacy Workspace Detector (id= LegacyWorkspaceDetector)
INFO       Finished running validator: Legacy Workspace Detector (id= LegacyWorkspaceDetector)
INFO       Running validator: EJB Mapping Validator (id= EjbMappingValidator)
INFO         The project has no EJB model associated with it.  EJB mapping backend validation will not be performed.
INFO       Finished running validator: EJB Mapping Validator (id= EjbMappingValidator)
INFO       Running validator: WebSphere Facet Validator (id= WebSphereFacetValidator)
INFO       Finished running validator: WebSphere Facet Validator (id= WebSphereFacetValidator)
INFO       Running validator: WebSphere Runtime Validator (id= WebSphereRuntimeValidator)
OK           The WebSphere runtime is valid at the configured path:  C:/Program Files (x86)/IBM/WebSphere/AppServer
OK           The WebSphere runtime is at a supported level:  8.5
INFO       Finished running validator: WebSphere Runtime Validator (id= WebSphereRuntimeValidator)
INFO     Finished validating project: GetAccessUserProfileWsClient

Migration complete

INFO     Validating project: GetAccessUserProfile
INFO       Running validator: Legacy Workspace Detector (id= LegacyWorkspaceDetector)
INFO       Finished running validator: Legacy Workspace Detector (id= LegacyWorkspaceDetector)
INFO       Running validator: EJB Mapping Validator (id= EjbMappingValidator)
INFO         The project has no EJB model associated with it.  EJB mapping backend validation will not be performed.
INFO       Finished running validator: EJB Mapping Validator (id= EjbMappingValidator)
INFO       Running validator: WebSphere Facet Validator (id= WebSphereFacetValidator)
OK           The WebSphere facet "WebSphere Web (Extended) 7.0" is compatible with the WebSphere runtime "WebSphere Application Server v8.5".
OK           The WebSphere facet "WebSphere Web (Co-existence) 7.0" is compatible with the WebSphere runtime "WebSphere Application Server v8.5".
OK           The WebSphere Co-Existence facet pre-requisite exists for the WebSphere Extended facet.
INFO       Finished running validator: WebSphere Facet Validator (id= WebSphereFacetValidator)
INFO       Running validator: WebSphere Runtime Validator (id= WebSphereRuntimeValidator)
OK           The WebSphere runtime is valid at the configured path:  C:/Program Files (x86)/IBM/WebSphere/AppServer
OK           The WebSphere runtime is at a supported level:  8.5
INFO       Finished running validator: WebSphere Runtime Validator (id= WebSphereRuntimeValidator)
INFO     Finished validating project: GetAccessUserProfile

INFO     Validating project: GetAccessUserProfileApp
INFO       Running validator: Legacy Workspace Detector (id= LegacyWorkspaceDetector)
INFO       Finished running validator: Legacy Workspace Detector (id= LegacyWorkspaceDetector)
INFO       Running validator: EJB Mapping Validator (id= EjbMappingValidator)
INFO         The project has no EJB model associated with it.  EJB mapping backend validation will not be performed.
INFO       Finished running validator: EJB Mapping Validator (id= EjbMappingValidator)
INFO       Running validator: WebSphere Facet Validator (id= WebSphereFacetValidator)
OK           The WebSphere facet "WebSphere Application (Co-existence) 7.0" is compatible with the WebSphere runtime "WebSphere Application Server v8.5".
OK           The WebSphere facet "WebSphere Application (Extended) 7.0" is compatible with the WebSphere runtime "WebSphere Application Server v8.5".
OK           The WebSphere Co-Existence facet pre-requisite exists for the WebSphere Extended facet.
INFO       Finished running validator: WebSphere Facet Validator (id= WebSphereFacetValidator)
INFO       Running validator: WebSphere Runtime Validator (id= WebSphereRuntimeValidator)
OK           The WebSphere runtime is valid at the configured path:  C:/Program Files (x86)/IBM/WebSphere/AppServer
OK           The WebSphere runtime is at a supported level:  8.5
INFO       Finished running validator: WebSphere Runtime Validator (id= WebSphereRuntimeValidator)
INFO     Finished validating project: GetAccessUserProfileApp

INFO     Validating project: GetAccessUserProfileDomain
INFO       Running validator: Legacy Workspace Detector (id= LegacyWorkspaceDetector)
INFO       Finished running validator: Legacy Workspace Detector (id= LegacyWorkspaceDetector)
INFO       Running validator: EJB Mapping Validator (id= EjbMappingValidator)
INFO         The project has no EJB model associated with it.  EJB mapping backend validation will not be performed.
INFO       Finished running validator: EJB Mapping Validator (id= EjbMappingValidator)
INFO       Running validator: WebSphere Facet Validator (id= WebSphereFacetValidator)
INFO       Finished running validator: WebSphere Facet Validator (id= WebSphereFacetValidator)
INFO       Running validator: WebSphere Runtime Validator (id= WebSphereRuntimeValidator)
OK           The WebSphere runtime is valid at the configured path:  C:/Program Files (x86)/IBM/WebSphere/AppServer
OK           The WebSphere runtime is at a supported level:  8.5
INFO       Finished running validator: WebSphere Runtime Validator (id= WebSphereRuntimeValidator)
INFO     Finished validating project: GetAccessUserProfileDomain

INFO     Validating project: GetAccessUserProfileModel
INFO       Running validator: Legacy Workspace Detector (id= LegacyWorkspaceDetector)
INFO       Finished running validator: Legacy Workspace Detector (id= LegacyWorkspaceDetector)
INFO       Running validator: EJB Mapping Validator (id= EjbMappingValidator)
INFO         The project has no EJB model associated with it.  EJB mapping backend validation will not be performed.
INFO       Finished running validator: EJB Mapping Validator (id= EjbMappingValidator)
INFO       Running validator: WebSphere Facet Validator (id= WebSphereFacetValidator)
INFO       Finished running validator: WebSphere Facet Validator (id= WebSphereFacetValidator)
INFO       Running validator: WebSphere Runtime Validator (id= WebSphereRuntimeValidator)
OK           The WebSphere runtime is valid at the configured path:  C:/Program Files (x86)/IBM/WebSphere/AppServer
OK           The WebSphere runtime is at a supported level:  8.5
INFO       Finished running validator: WebSphere Runtime Validator (id= WebSphereRuntimeValidator)
INFO     Finished validating project: GetAccessUserProfileModel

INFO     Validating project: GetAccessUserProfilePersistence
INFO       Running validator: Legacy Workspace Detector (id= LegacyWorkspaceDetector)
INFO       Finished running validator: Legacy Workspace Detector (id= LegacyWorkspaceDetector)
INFO       Running validator: EJB Mapping Validator (id= EjbMappingValidator)
INFO         The project has no EJB model associated with it.  EJB mapping backend validation will not be performed.
INFO       Finished running validator: EJB Mapping Validator (id= EjbMappingValidator)
INFO       Running validator: WebSphere Facet Validator (id= WebSphereFacetValidator)
INFO       Finished running validator: WebSphere Facet Validator (id= WebSphereFacetValidator)
INFO       Running validator: WebSphere Runtime Validator (id= WebSphereRuntimeValidator)
OK           The WebSphere runtime is valid at the configured path:  C:/Program Files (x86)/IBM/WebSphere/AppServer
OK           The WebSphere runtime is at a supported level:  8.5
INFO       Finished running validator: WebSphere Runtime Validator (id= WebSphereRuntimeValidator)
INFO     Finished validating project: GetAccessUserProfilePersistence

INFO     Validating project: GetAccessUserProfileUtil
INFO       Running validator: Legacy Workspace Detector (id= LegacyWorkspaceDetector)
INFO       Finished running validator: Legacy Workspace Detector (id= LegacyWorkspaceDetector)
INFO       Running validator: EJB Mapping Validator (id= EjbMappingValidator)
INFO         The project has no EJB model associated with it.  EJB mapping backend validation will not be performed.
INFO       Finished running validator: EJB Mapping Validator (id= EjbMappingValidator)
INFO       Running validator: WebSphere Facet Validator (id= WebSphereFacetValidator)
INFO       Finished running validator: WebSphere Facet Validator (id= WebSphereFacetValidator)
INFO       Running validator: WebSphere Runtime Validator (id= WebSphereRuntimeValidator)
OK           The WebSphere runtime is valid at the configured path:  C:/Program Files (x86)/IBM/WebSphere/AppServer
OK           The WebSphere runtime is at a supported level:  8.5
INFO       Finished running validator: WebSphere Runtime Validator (id= WebSphereRuntimeValidator)
INFO     Finished validating project: GetAccessUserProfileUtil

INFO     Validating project: GetAccessUserProfileWsClient
INFO       Running validator: Legacy Workspace Detector (id= LegacyWorkspaceDetector)
INFO       Finished running validator: Legacy Workspace Detector (id= LegacyWorkspaceDetector)
INFO       Running validator: EJB Mapping Validator (id= EjbMappingValidator)
INFO         The project has no EJB model associated with it.  EJB mapping backend validation will not be performed.
INFO       Finished running validator: EJB Mapping Validator (id= EjbMappingValidator)
INFO       Running validator: WebSphere Facet Validator (id= WebSphereFacetValidator)
INFO       Finished running validator: WebSphere Facet Validator (id= WebSphereFacetValidator)
INFO       Running validator: WebSphere Runtime Validator (id= WebSphereRuntimeValidator)
OK           The WebSphere runtime is valid at the configured path:  C:/Program Files (x86)/IBM/WebSphere/AppServer
OK           The WebSphere runtime is at a supported level:  8.5
INFO       Finished running validator: WebSphere Runtime Validator (id= WebSphereRuntimeValidator)
INFO     Finished validating project: GetAccessUserProfileWsClient

Migration complete

INFO     Validating project: GetAccessUserProfile
INFO       Running validator: Legacy Workspace Detector (id= LegacyWorkspaceDetector)
INFO       Finished running validator: Legacy Workspace Detector (id= LegacyWorkspaceDetector)
INFO       Running validator: EJB Mapping Validator (id= EjbMappingValidator)
INFO         The project has no EJB model associated with it.  EJB mapping backend validation will not be performed.
INFO       Finished running validator: EJB Mapping Validator (id= EjbMappingValidator)
INFO       Running validator: WebSphere Facet Validator (id= WebSphereFacetValidator)
OK           The WebSphere facet "WebSphere Web (Co-existence) 7.0" is compatible with the WebSphere runtime "WebSphere Application Server v8.5".
OK           The WebSphere facet "WebSphere Web (Extended) 7.0" is compatible with the WebSphere runtime "WebSphere Application Server v8.5".
OK           The WebSphere Co-Existence facet pre-requisite exists for the WebSphere Extended facet.
INFO       Finished running validator: WebSphere Facet Validator (id= WebSphereFacetValidator)
INFO       Running validator: WebSphere Runtime Validator (id= WebSphereRuntimeValidator)
OK           The WebSphere runtime is valid at the configured path:  C:/Program Files (x86)/IBM/WebSphere/AppServer
OK           The WebSphere runtime is at a supported level:  8.5
INFO       Finished running validator: WebSphere Runtime Validator (id= WebSphereRuntimeValidator)
INFO     Finished validating project: GetAccessUserProfile

INFO     Validating project: GetAccessUserProfileApp
INFO       Running validator: Legacy Workspace Detector (id= LegacyWorkspaceDetector)
INFO       Finished running validator: Legacy Workspace Detector (id= LegacyWorkspaceDetector)
INFO       Running validator: EJB Mapping Validator (id= EjbMappingValidator)
INFO         The project has no EJB model associated with it.  EJB mapping backend validation will not be performed.
INFO       Finished running validator: EJB Mapping Validator (id= EjbMappingValidator)
INFO       Running validator: WebSphere Facet Validator (id= WebSphereFacetValidator)
OK           The WebSphere facet "WebSphere Application (Co-existence) 7.0" is compatible with the WebSphere runtime "WebSphere Application Server v8.5".
OK           The WebSphere facet "WebSphere Application (Extended) 7.0" is compatible with the WebSphere runtime "WebSphere Application Server v8.5".
OK           The WebSphere Co-Existence facet pre-requisite exists for the WebSphere Extended facet.
INFO       Finished running validator: WebSphere Facet Validator (id= WebSphereFacetValidator)
INFO       Running validator: WebSphere Runtime Validator (id= WebSphereRuntimeValidator)
OK           The WebSphere runtime is valid at the configured path:  C:/Program Files (x86)/IBM/WebSphere/AppServer
OK           The WebSphere runtime is at a supported level:  8.5
INFO       Finished running validator: WebSphere Runtime Validator (id= WebSphereRuntimeValidator)
INFO     Finished validating project: GetAccessUserProfileApp

INFO     Validating project: GetAccessUserProfileDomain
INFO       Running validator: Legacy Workspace Detector (id= LegacyWorkspaceDetector)
INFO       Finished running validator: Legacy Workspace Detector (id= LegacyWorkspaceDetector)
INFO       Running validator: EJB Mapping Validator (id= EjbMappingValidator)
INFO         The project has no EJB model associated with it.  EJB mapping backend validation will not be performed.
INFO       Finished running validator: EJB Mapping Validator (id= EjbMappingValidator)
INFO       Running validator: WebSphere Facet Validator (id= WebSphereFacetValidator)
INFO       Finished running validator: WebSphere Facet Validator (id= WebSphereFacetValidator)
INFO       Running validator: WebSphere Runtime Validator (id= WebSphereRuntimeValidator)
OK           The WebSphere runtime is valid at the configured path:  C:/Program Files (x86)/IBM/WebSphere/AppServer
OK           The WebSphere runtime is at a supported level:  8.5
INFO       Finished running validator: WebSphere Runtime Validator (id= WebSphereRuntimeValidator)
INFO     Finished validating project: GetAccessUserProfileDomain

INFO     Validating project: GetAccessUserProfileModel
INFO       Running validator: Legacy Workspace Detector (id= LegacyWorkspaceDetector)
INFO       Finished running validator: Legacy Workspace Detector (id= LegacyWorkspaceDetector)
INFO       Running validator: EJB Mapping Validator (id= EjbMappingValidator)
INFO         The project has no EJB model associated with it.  EJB mapping backend validation will not be performed.
INFO       Finished running validator: EJB Mapping Validator (id= EjbMappingValidator)
INFO       Running validator: WebSphere Facet Validator (id= WebSphereFacetValidator)
INFO       Finished running validator: WebSphere Facet Validator (id= WebSphereFacetValidator)
INFO       Running validator: WebSphere Runtime Validator (id= WebSphereRuntimeValidator)
OK           The WebSphere runtime is valid at the configured path:  C:/Program Files (x86)/IBM/WebSphere/AppServer
OK           The WebSphere runtime is at a supported level:  8.5
INFO       Finished running validator: WebSphere Runtime Validator (id= WebSphereRuntimeValidator)
INFO     Finished validating project: GetAccessUserProfileModel

INFO     Validating project: GetAccessUserProfilePersistence
INFO       Running validator: Legacy Workspace Detector (id= LegacyWorkspaceDetector)
INFO       Finished running validator: Legacy Workspace Detector (id= LegacyWorkspaceDetector)
INFO       Running validator: EJB Mapping Validator (id= EjbMappingValidator)
INFO         The project has no EJB model associated with it.  EJB mapping backend validation will not be performed.
INFO       Finished running validator: EJB Mapping Validator (id= EjbMappingValidator)
INFO       Running validator: WebSphere Facet Validator (id= WebSphereFacetValidator)
INFO       Finished running validator: WebSphere Facet Validator (id= WebSphereFacetValidator)
INFO       Running validator: WebSphere Runtime Validator (id= WebSphereRuntimeValidator)
OK           The WebSphere runtime is valid at the configured path:  C:/Program Files (x86)/IBM/WebSphere/AppServer
OK           The WebSphere runtime is at a supported level:  8.5
INFO       Finished running validator: WebSphere Runtime Validator (id= WebSphereRuntimeValidator)
INFO     Finished validating project: GetAccessUserProfilePersistence

INFO     Validating project: GetAccessUserProfileUtil
INFO       Running validator: Legacy Workspace Detector (id= LegacyWorkspaceDetector)
INFO       Finished running validator: Legacy Workspace Detector (id= LegacyWorkspaceDetector)
INFO       Running validator: EJB Mapping Validator (id= EjbMappingValidator)
INFO         The project has no EJB model associated with it.  EJB mapping backend validation will not be performed.
INFO       Finished running validator: EJB Mapping Validator (id= EjbMappingValidator)
INFO       Running validator: WebSphere Facet Validator (id= WebSphereFacetValidator)
INFO       Finished running validator: WebSphere Facet Validator (id= WebSphereFacetValidator)
INFO       Running validator: WebSphere Runtime Validator (id= WebSphereRuntimeValidator)
OK           The WebSphere runtime is valid at the configured path:  C:/Program Files (x86)/IBM/WebSphere/AppServer
OK           The WebSphere runtime is at a supported level:  8.5
INFO       Finished running validator: WebSphere Runtime Validator (id= WebSphereRuntimeValidator)
INFO     Finished validating project: GetAccessUserProfileUtil

INFO     Validating project: GetAccessUserProfileWsClient
INFO       Running validator: Legacy Workspace Detector (id= LegacyWorkspaceDetector)
INFO       Finished running validator: Legacy Workspace Detector (id= LegacyWorkspaceDetector)
INFO       Running validator: EJB Mapping Validator (id= EjbMappingValidator)
INFO         The project has no EJB model associated with it.  EJB mapping backend validation will not be performed.
INFO       Finished running validator: EJB Mapping Validator (id= EjbMappingValidator)
INFO       Running validator: WebSphere Facet Validator (id= WebSphereFacetValidator)
INFO       Finished running validator: WebSphere Facet Validator (id= WebSphereFacetValidator)
INFO       Running validator: WebSphere Runtime Validator (id= WebSphereRuntimeValidator)
OK           The WebSphere runtime is valid at the configured path:  C:/Program Files (x86)/IBM/WebSphere/AppServer
OK           The WebSphere runtime is at a supported level:  8.5
INFO       Finished running validator: WebSphere Runtime Validator (id= WebSphereRuntimeValidator)
INFO     Finished validating project: GetAccessUserProfileWsClient

Migration complete

INFO     Validating project: CommercialAccountFileServiceClientsSampleEAR
INFO       Running validator: Legacy Workspace Detector (id= LegacyWorkspaceDetector)
INFO       Finished running validator: Legacy Workspace Detector (id= LegacyWorkspaceDetector)
INFO       Running validator: EJB Mapping Validator (id= EjbMappingValidator)
INFO         The project has no EJB model associated with it.  EJB mapping backend validation will not be performed.
INFO       Finished running validator: EJB Mapping Validator (id= EjbMappingValidator)
INFO       Running validator: WebSphere Facet Validator (id= WebSphereFacetValidator)
INFO       Finished running validator: WebSphere Facet Validator (id= WebSphereFacetValidator)
INFO       Running validator: WebSphere Runtime Validator (id= WebSphereRuntimeValidator)
OK           The WebSphere runtime is valid at the configured path:  C:/Program Files (x86)/IBM/WebSphere/AppServer
OK           The WebSphere runtime is at a supported level:  8.5
INFO       Finished running validator: WebSphere Runtime Validator (id= WebSphereRuntimeValidator)
INFO     Finished validating project: CommercialAccountFileServiceClientsSampleEAR

Migration complete
